<?xml version="1.0" encoding="UTF-8"?>
<!-- Generated by org.testng.reporters.JUnitReportReporter -->
<testsuite hostname="MYUSER-PC" name="com.test.maven.MavenTest" tests="1" failures="0" timestamp="22 Oct 2023 03:39:20 GMT" time="85.886" errors="0">
  <testcase name="testOne" time="85.886" classname="com.test.maven.MavenTest"/>
</testsuite> <!-- com.test.maven.MavenTest -->
