<?xml version="1.0" encoding="UTF-8"?>
<!-- Generated by org.testng.reporters.JUnitReportReporter -->
<testsuite hostname="MYUSER-PC" name="com.test.maven.FirstTest" tests="1" failures="0" timestamp="22 Oct 2023 03:53:49 GMT" time="20.164" errors="0">
  <testcase name="navigateToflipkart" time="20.164" classname="com.test.maven.FirstTest"/>
</testsuite> <!-- com.test.maven.FirstTest -->
