<?xml version="1.0" encoding="UTF-8"?>
<!-- Generated by org.testng.reporters.JUnitReportReporter -->
<testsuite hostname="MYUSER-PC" name="com.test.maven.FirstTest" tests="1" failures="0" timestamp="9 Nov 2023 01:12:27 GMT" time="36.867" errors="0">
  <testcase name="navigateToflipkart" time="36.867" classname="com.test.maven.FirstTest"/>
</testsuite> <!-- com.test.maven.FirstTest -->
